	0b01101	1 ptr g, -1 ('f')
	0b10101	  fn_decl, fn<args: 1>
	0b10111	  jmp, 80
	0b01101	  ptr l, -1 ('y')
	0b00010	  const, 3 ('5')
	0b01100	  store
	0b01101	  ptr l, -1 ('g')
	0b10101	  fn_decl, fn<args: 0>
	0b10111	  jmp, 72
	0b01101	  ptr l, -1 ('z')
	0b00010	  const, 6 ('7')
	0b01100	  store
	0b01101	  ptr l, -1 ('h')
	0b10101	  fn_decl, fn<args: 0>
	0b10111	  jmp, 64
	0b01101	  ptr l, 5 ('x')
	0b01110	  ld
	0b01101	  ptr l, 5 ('y')
	0b01110	  ld
	0b00101	  op '+'
	0b01101	  ptr l, 3 ('z')
	0b01110	  ld
	0b00101	  op '+'
	0b00001	7 ret, 5
	0b01101	  ptr l, 1 ('h')
	0b01110	  ld
	0b00001	9 ret, 5
	0b01101	  ptr l, 1 ('g')
	0b01110	   ld
	0b00001	11 ret, 3
	0b00000    print
	0b01101	   ptr g, 0 ('f')
	0b01110	   ld
	0b00010	   const, 8 ('3')
	0b10110	   fn_call, fn<args: 1>
	0b10110	   fn_call, fn<args: 0>
	0b10110	   fn_call, fn<args: 0>
	0b00000    print
	0b01111	   halt
Output:

1: }	 fn<> @9	args: 1	closure: []
2: f(3)()()	 15
